<?xml version="1.0" encoding="UTF-8"?>
<!-- Generated by org.testng.reporters.JUnitReportReporter -->
<testsuite hostname="LAPTOP-RP6REIN2" failures="0" tests="4" name="hybridFramework.davies" time="14.570" errors="0" timestamp="2020-12-21T13:00:15 GMT" skipped="3">
  <testcase classname="hybridFramework.davies" name="location" time="14.570"/>
  <system-out/>
  <testcase classname="hybridFramework.davies" name="openLinkedn">
    <skipped/>
  </testcase> <!-- openLinkedn -->
  <system-out/>
  <testcase classname="hybridFramework.davies" name="Investigation">
    <skipped/>
  </testcase> <!-- Investigation -->
  <system-out/>
  <testcase classname="hybridFramework.davies" name="openTwitterLink">
    <skipped/>
  </testcase> <!-- openTwitterLink -->
  <system-out/>
</testsuite> <!-- hybridFramework.davies -->
